 The Microsoft MACRO Assembler , Version 1.25          	Page	1-1
	 	 	 	 	 	 	03-19-:8    


 0000	 	 	 	code segment
 	 	 	 	assume cs:code,ds:code
 1000	 	 	 	          org 1000h
 1000  B8 0012	 	 	                 mov ax,12h
 1003  BB 0012	 	 	                 mov bx,12h
 1006  03 C3	 	 	                 add ax,bx
 1008  BE 1200	 	 	                 mov si,1200h
 100B  89 04	 	 	                 mov[si],ax
 100D  F4	 	 	                 hlt
 100E	 	 	 	                 code ends
 	 	 	 	                 end

 The Microsoft MACRO Assembler , Version 1.25          	Page	Symbols
	 	 	 	-1
	 	 	 	 	 	 	03-19-:8    


Segments and groups:

	 	N a m e	 	 	Size	align	combine	class

CODE . . . . . . . . . . . . . .	100E	PARA  	NONE	

Warning Severe
Errors	Errors 
0	0
